Using pre-set license
Built from '2021.3/staging' branch; Version is '2021.3.14f1 (eee1884e7226) revision 15655304'; Using compiler version '192829333'; Build Type 'Release'
OS: 'Windows 11  (10.0.22000) 64bit Education' Language: 'ja' Physical Memory: 7939 MB
BatchMode: 1, IsHumanControllingUs: 0, StartBugReporterOnCrash: 0, Is64bit: 1, IsPro: 1

COMMAND LINE ARGUMENTS:
C:\Program Files\Unity\2021.3.14f1\Editor\Unity.exe
-adb2
-batchMode
-noUpm
-name
AssetImportWorker10
-projectPath
C:/Users/2022019/Documents/GitHub/Escapefromthe sea
-logFile
Logs/AssetImportWorker10.log
-srvPort
61618
Successfully changed project path to: C:/Users/2022019/Documents/GitHub/Escapefromthe sea
C:/Users/2022019/Documents/GitHub/Escapefromthe sea
[UnityMemory] Configuration Parameters - Can be set up in boot.config
    "memorysetup-bucket-allocator-granularity=16"
    "memorysetup-bucket-allocator-bucket-count=8"
    "memorysetup-bucket-allocator-block-size=33554432"
    "memorysetup-bucket-allocator-block-count=8"
    "memorysetup-main-allocator-block-size=16777216"
    "memorysetup-thread-allocator-block-size=16777216"
    "memorysetup-gfx-main-allocator-block-size=16777216"
    "memorysetup-gfx-thread-allocator-block-size=16777216"
    "memorysetup-cache-allocator-block-size=4194304"
    "memorysetup-typetree-allocator-block-size=2097152"
    "memorysetup-profiler-bucket-allocator-granularity=16"
    "memorysetup-profiler-bucket-allocator-bucket-count=8"
    "memorysetup-profiler-bucket-allocator-block-size=33554432"
    "memorysetup-profiler-bucket-allocator-block-count=8"
    "memorysetup-profiler-allocator-block-size=16777216"
    "memorysetup-profiler-editor-allocator-block-size=1048576"
    "memorysetup-temp-allocator-size-main=16777216"
    "memorysetup-job-temp-allocator-block-size=2097152"
    "memorysetup-job-temp-allocator-block-size-background=1048576"
    "memorysetup-job-temp-allocator-reduction-small-platforms=262144"
    "memorysetup-temp-allocator-size-background-worker=32768"
    "memorysetup-temp-allocator-size-job-worker=262144"
    "memorysetup-temp-allocator-size-preload-manager=33554432"
    "memorysetup-temp-allocator-size-nav-mesh-worker=65536"
    "memorysetup-temp-allocator-size-audio-worker=65536"
    "memorysetup-temp-allocator-size-cloud-worker=32768"
    "memorysetup-temp-allocator-size-gi-baking-worker=262144"
    "memorysetup-temp-allocator-size-gfx=262144"
Refreshing native plugins compatible for Editor in 302.18 ms, found 3 plugins.
Preloading 0 native plugins for Editor in 0.00 ms.
Initialize engine version: 2021.3.14f1 (eee1884e7226)
[Subsystems] Discovering subsystems at path C:/Program Files/Unity/2021.3.14f1/Editor/Data/Resources/UnitySubsystems
[Subsystems] Discovering subsystems at path C:/Users/2022019/Documents/GitHub/Escapefromthe sea/Assets
GfxDevice: creating device client; threaded=0; jobified=0
Direct3D:
    Version:  Direct3D 11.0 [level 11.1]
    Renderer: Intel(R) UHD Graphics 620 (ID=0x3ea0)
    Vendor:   Intel
    VRAM:     3969 MB
    Driver:   30.0.100.9864
Initialize mono
Mono path[0] = 'C:/Program Files/Unity/2021.3.14f1/Editor/Data/Managed'
Mono path[1] = 'C:/Program Files/Unity/2021.3.14f1/Editor/Data/MonoBleedingEdge/lib/mono/unityjit-win32'
Mono config path = 'C:/Program Files/Unity/2021.3.14f1/Editor/Data/MonoBleedingEdge/etc'
Using monoOptions --debugger-agent=transport=dt_socket,embedding=1,server=y,suspend=n,address=127.0.0.1:56916
Begin MonoManager ReloadAssembly
Registering precompiled unity dll's ...
Register platform support module: C:/Program Files/Unity/2021.3.14f1/Editor/Data/PlaybackEngines/WebGLSupport/UnityEditor.WebGL.Extensions.dll
Register platform support module: C:/Program Files/Unity/2021.3.14f1/Editor/Data/PlaybackEngines/WindowsStandaloneSupport/UnityEditor.WindowsStandalone.Extensions.dll
Registered in 0.402178 seconds.
Native extension for WindowsStandalone target not found
Native extension for WebGL target not found
Refreshing native plugins compatible for Editor in 492.49 ms, found 3 plugins.
Preloading 0 native plugins for Editor in 0.00 ms.
Mono: successfully reloaded assembly
- Completed reload, in 15.450 seconds
Domain Reload Profiling:
	ReloadAssembly (15451ms)
		BeginReloadAssembly (11093ms)
			ExecutionOrderSort (0ms)
			DisableScriptedObjects (0ms)
			BackupInstance (0ms)
			ReleaseScriptingObjects (0ms)
			CreateAndSetChildDomain (3ms)
		EndReloadAssembly (3528ms)
			LoadAssemblies (11088ms)
			RebuildTransferFunctionScriptingTraits (0ms)
			SetupTypeCache (975ms)
			ReleaseScriptCaches (0ms)
			RebuildScriptCaches (236ms)
			SetupLoadedEditorAssemblies (1985ms)
				LogAssemblyErrors (0ms)
				InitializePlatformSupportModulesInManaged (22ms)
				SetLoadedEditorAssemblies (0ms)
				RefreshPlugins (493ms)
				BeforeProcessingInitializeOnLoad (2ms)
				ProcessInitializeOnLoadAttributes (973ms)
				ProcessInitializeOnLoadMethodAttributes (495ms)
				AfterProcessingInitializeOnLoad (0ms)
				EditorAssembliesLoaded (0ms)
			ExecutionOrderSort2 (0ms)
			AwakeInstancesAfterBackupRestoration (0ms)
Platform modules already initialized, skipping
Registering precompiled user dll's ...
Registered in 0.012641 seconds.
Required property 'name' not set (Assets/Plugins/Zenject/OptionalExtras/TestFramework/Zenject-TestFramework.asmdef)
Required property 'name' not set (Packages/com.unity.render-pipelines.universal/Shaders/Unity.RenderPipelines.Universal.Shaders.asmdef)
Required property 'name' not set (Packages/com.unity.scriptablebuildpipeline/Editor/CacheServer/UnityEditor.CacheServer.asmdef)
Required property 'name' not set (Packages/com.unity.addressables/Runtime/Unity.Addressables.asmdef)
Required property 'name' not set (Packages/com.unity.searcher/Editor/Unity.Searcher.Editor.asmdef)
Required property 'name' not set (Packages/com.unity.mathematics/Tests/Unity.Mathematics.Tests.asmdef)
Required property 'name' not set (Packages/com.unity.burst/Unity.Burst.CodeGen/Unity.Burst.CodeGen.asmdef)
Required property 'name' not set (Packages/com.unity.scriptablebuildpipeline/Tests/Editor/Unity.ScriptableBuildPipeline.Editor.Tests.asmdef)
Required property 'name' not set (Assets/Plugins/Zenject/Source/Editor/Zenject-Editor.asmdef)
Required property 'name' not set (Packages/com.unity.shadergraph/Editor/Utilities/Unity.ShaderGraph.Utilities.asmdef)
Required property 'name' not set (Packages/com.unity.render-pipelines.core/ShaderLibrary/Unity.RenderPipelines.Core.ShaderLibrary.asmdef)
Required property 'name' not set (Packages/com.cysharp.unitask/Editor/UniTask.Editor.asmdef)
Required property 'name' not set (Packages/com.cysharp.unitask/Runtime/External/TextMeshPro/UniTask.TextMeshPro.asmdef)
Required property 'name' not set (Packages/com.unity.shadergraph/Editor/Unity.ShaderGraph.Editor.asmdef)
Required property 'name' not set (Assets/Plugins/Zenject/OptionalExtras/ReflectionBaking/Zenject-ReflectionBaking-Editor.asmdef)
Required property 'name' not set (Assets/Plugins/Zenject/zenject.asmdef)
Required property 'name' not set (Packages/com.unity.render-pipelines.universal/ShaderLibrary/Unity.RenderPipelines.Universal.ShaderLibrary.asmdef)
Required property 'name' not set (Assets/Plugins/UniRx/Examples/UniRx.Examples.asmdef)
Required property 'name' not set (Packages/com.unity.mathematics/Unity.Mathematics.Editor/Unity.Mathematics.Editor.asmdef)
Required property 'name' not set (Packages/com.unity.addressables/Editor/Unity.Addressables.Editor.asmdef)
Required property 'name' not set (Packages/com.unity.burst/Tests/Runtime/Unity.Burst.Tests.asmdef)
Required property 'name' not set (Packages/com.unity.addressables/Tests/Runtime/ResourceManager/Unity.ResourceManager.Tests.asmdef)
Required property 'name' not set (Packages/com.cysharp.unitask/Runtime/External/Addressables/UniTask.Addressables.asmdef)
Required property 'name' not set (Packages/com.unity.addressables/Tests/Editor/Unity.Addressables.Editor.Tests.asmdef)
Required property 'name' not set (Packages/com.unity.shadergraph/Tests/Editor/Unity.ShaderGraph.Editor.Tests.asmdef)
Required property 'name' not set (Packages/com.unity.searcher/Tests/Editor/Unity.Searcher.EditorTests.asmdef)
Required property 'name' not set (Packages/com.unity.render-pipelines.universal/Tests/Editor/Unity.RenderPipelines.Universal.Editor.Tests.asmdef)
Required property 'name' not set (Packages/com.unity.render-pipelines.universal/Runtime/Unity.RenderPipelines.Universal.Runtime.asmdef)
Required property 'name' not set (Packages/com.unity.render-pipelines.universal/Editor/Converter/PPv2/PPv2ToURPConvertersDefinition.asmdef)
Required property 'name' not set (Packages/com.unity.addressables/Tests/Runtime/Unity.Addressables.Runtime.Tests.asmdef)
Required property 'name' not set (Packages/com.unity.burst/Editor/Unity.Burst.Editor.asmdef)
Required property 'name' not set (Packages/com.unity.render-pipelines.core/Tests/Editor/Unity.RenderPipelines.Core.Editor.Tests.asmdef)
Required property 'name' not set (Packages/com.unity.render-pipelines.core/Tests/Runtime/Unity.RenderPipelines.Core.Runtime.Tests.asmdef)
Required property 'name' not set (Packages/com.unity.render-pipelines.core/Runtime/Unity.RenderPipelines.Core.Runtime.asmdef)
Required property 'name' not set (Packages/com.unity.addressables/Runtime/ResourceManager/Unity.ResourceManager.asmdef)
Required property 'name' not set (Packages/com.cysharp.unitask/Runtime/External/DOTween/UniTask.DOTween.asmdef)
Required property 'name' not set (Assets/Plugins/Zenject/OptionalExtras/IntegrationTests/Tests/Zenject-IntegrationTests-Editor.asmdef)
Required property 'name' not set (Packages/com.cysharp.unitask/Runtime/Linq/UniTask.Linq.asmdef)
Required property 'name' not set (Assets/Plugins/Zenject/OptionalExtras/UnitTests/Editor/Zenject-UnitTests-Editor.asmdef)
Required property 'name' not set (Assets/Plugins/Zenject/OptionalExtras/MemoryPoolMonitor/Editor/Zenject-PoolMonitor-Editor.asmdef)
Required property 'name' not set (Packages/com.unity.mathematics/Unity.Mathematics/Unity.Mathematics.asmdef)
Required property 'name' not set (Assets/Plugins/UniRx/Scripts/UniRx.asmdef)
Required property 'name' not set (Packages/com.unity.scriptablebuildpipeline/Tests/Unity.ScriptableBuildPipeline.Tests.asmdef)
Required property 'name' not set (Packages/com.unity.burst/Runtime/Unity.Burst.asmdef)
Required property 'name' not set (Packages/com.unity.render-pipelines.universal/Editor/Unity.RenderPipelines.Universal.Editor.asmdef)
Required property 'name' not set (Assets/Plugins/Zenject/OptionalExtras/IntegrationTests/Zenject-IntegrationTests.asmdef)
Required property 'name' not set (Packages/com.unity.burst/Tests/Editor/Unity.Burst.Editor.Tests.asmdef)
Required property 'name' not set (Packages/com.unity.shadergraph/ShaderGraphLibrary/Unity.RenderPipelines.ShaderGraph.ShaderGraphLibrary.asmdef)
Required property 'name' not set (Packages/com.unity.scriptablebuildpipeline/Tests/Editor/CacheServer/UnityEditor.CacheServerTests.asmdef)
Required property 'name' not set (Packages/com.unity.scriptablebuildpipeline/Runtime/Unity.ScriptableBuildPipeline.asmdef)
Required property 'name' not set (Packages/com.unity.scriptablebuildpipeline/Editor/Unity.ScriptableBuildPipeline.Editor.asmdef)
Required property 'name' not set (Packages/com.cysharp.unitask/Runtime/UniTask.asmdef)
Required property 'name' not set (Packages/com.unity.render-pipelines.universal/Tests/Runtime/Unity.RenderPipelines.Universal.Runtime.Tests.asmdef)
Required property 'name' not set (Packages/com.unity.render-pipelines.core/Editor/Unity.RenderPipelines.Core.Editor.asmdef)
Required property 'name' not set (Packages/com.unity.burst/Tests/Editor/SeparateAssembly/SeparateAssembly.asmdef)
